2025-10-29 13:08:36 - Starting CourseProjectApplication using Java 23.0.1 with PID 15396 (C:\Users\obita\IdeaProjects\programming_25-26\CourseProject\CourseProject\target\classes started by obita in C:\Users\obita\IdeaProjects\programming_25-26\CourseProject)
2025-10-29 13:08:36 - No active profile set, falling back to 1 default profile: "default"
2025-10-29 13:08:46 - Bootstrapping Spring Data JPA repositories in DEFAULT mode.
2025-10-29 13:08:46 - Finished Spring Data repository scanning in 292 ms. Found 5 JPA repository interfaces.
2025-10-29 13:08:49 - Tomcat initialized with port 8080 (http)
2025-10-29 13:08:49 - Starting service [Tomcat]
2025-10-29 13:08:49 - Starting Servlet engine: [Apache Tomcat/10.1.46]
2025-10-29 13:08:49 - Initializing Spring embedded WebApplicationContext
2025-10-29 13:08:49 - Root WebApplicationContext: initialization completed in 13435 ms
2025-10-29 13:08:50 - HHH000204: Processing PersistenceUnitInfo [name: default]
2025-10-29 13:08:51 - HHH000412: Hibernate ORM core version 6.6.29.Final
2025-10-29 13:08:51 - HHH000026: Second-level cache disabled
2025-10-29 13:08:53 - No LoadTimeWeaver setup: ignoring JPA class transformer
2025-10-29 13:08:53 - HikariPool-1 - Starting...
2025-10-29 13:08:54 - HikariPool-1 - Added connection conn0: url=jdbc:h2:C:\Users\obita\IdeaProjects\programming_25-26\CourseProject\CourseProject\testdb\clients user=
2025-10-29 13:08:54 - HikariPool-1 - Start completed.
2025-10-29 13:08:55 - HHH90000025: H2Dialect does not need to be specified explicitly using 'hibernate.dialect' (remove the property setting and it will be selected by default)
2025-10-29 13:08:55 - HHH10001005: Database info:
	Database JDBC URL [Connecting through datasource 'HikariDataSource (HikariPool-1)']
	Database driver: undefined/unknown
	Database version: 2.3.232
	Autocommit mode: undefined/unknown
	Isolation level: undefined/unknown
	Minimum pool size: undefined/unknown
	Maximum pool size: undefined/unknown
2025-10-29 13:08:59 - HHH000489: No JTA platform available (set 'hibernate.transaction.jta.platform' to enable JTA platform integration)
2025-10-29 13:08:59 - Initialized JPA EntityManagerFactory for persistence unit 'default'
2025-10-29 13:09:01 - spring.jpa.open-in-view is enabled by default. Therefore, database queries may be performed during view rendering. Explicitly configure spring.jpa.open-in-view to disable this warning
2025-10-29 13:09:02 - Exposing 3 endpoints beneath base path '/actuator'
2025-10-29 13:09:02 - Global AuthenticationManager configured with UserDetailsService bean with name userDetailsServiceImpl
2025-10-29 13:09:03 - H2 console available at '/h2-console'. Database available at 'jdbc:h2:C:\Users\obita\IdeaProjects\programming_25-26\CourseProject\CourseProject\testdb\clients'
2025-10-29 13:09:03 - Tomcat started on port 8080 (http) with context path '/'
2025-10-29 13:09:03 - Started CourseProjectApplication in 31.125 seconds (process running for 41.154)
2025-10-29 13:09:56 - Initializing Spring DispatcherServlet 'dispatcherServlet'
2025-10-29 13:09:56 - Initializing Servlet 'dispatcherServlet'
2025-10-29 13:09:56 - Completed initialization in 1 ms
2025-10-29 13:10:41 - Commencing graceful shutdown. Waiting for active requests to complete
2025-10-29 13:10:41 - Graceful shutdown complete
2025-10-29 13:10:41 - Closing JPA EntityManagerFactory for persistence unit 'default'
2025-10-29 13:10:42 - HikariPool-1 - Shutdown initiated...
2025-10-29 13:10:42 - HikariPool-1 - Shutdown completed.
2025-10-29 13:19:11 - Starting CourseProjectApplication using Java 23.0.1 with PID 24472 (C:\Users\obita\IdeaProjects\programming_25-26\CourseProject\CourseProject\target\classes started by obita in C:\Users\obita\IdeaProjects\programming_25-26\CourseProject)
2025-10-29 13:19:11 - No active profile set, falling back to 1 default profile: "default"
2025-10-29 13:19:12 - Bootstrapping Spring Data JPA repositories in DEFAULT mode.
2025-10-29 13:19:12 - Finished Spring Data repository scanning in 47 ms. Found 5 JPA repository interfaces.
2025-10-29 13:19:12 - Tomcat initialized with port 8080 (http)
2025-10-29 13:19:12 - Starting service [Tomcat]
2025-10-29 13:19:12 - Starting Servlet engine: [Apache Tomcat/10.1.46]
2025-10-29 13:19:12 - Initializing Spring embedded WebApplicationContext
2025-10-29 13:19:12 - Root WebApplicationContext: initialization completed in 1246 ms
2025-10-29 13:19:13 - HHH000204: Processing PersistenceUnitInfo [name: default]
2025-10-29 13:19:13 - HHH000412: Hibernate ORM core version 6.6.29.Final
2025-10-29 13:19:13 - HHH000026: Second-level cache disabled
2025-10-29 13:19:13 - No LoadTimeWeaver setup: ignoring JPA class transformer
2025-10-29 13:19:13 - HikariPool-1 - Starting...
2025-10-29 13:19:13 - HikariPool-1 - Added connection conn0: url=jdbc:h2:C:\Users\obita\IdeaProjects\programming_25-26\CourseProject\CourseProject\testdb\clients user=
2025-10-29 13:19:13 - HikariPool-1 - Start completed.
2025-10-29 13:19:13 - HHH90000025: H2Dialect does not need to be specified explicitly using 'hibernate.dialect' (remove the property setting and it will be selected by default)
2025-10-29 13:19:13 - HHH10001005: Database info:
	Database JDBC URL [Connecting through datasource 'HikariDataSource (HikariPool-1)']
	Database driver: undefined/unknown
	Database version: 2.3.232
	Autocommit mode: undefined/unknown
	Isolation level: undefined/unknown
	Minimum pool size: undefined/unknown
	Maximum pool size: undefined/unknown
2025-10-29 13:19:14 - HHH000489: No JTA platform available (set 'hibernate.transaction.jta.platform' to enable JTA platform integration)
2025-10-29 13:19:14 - Initialized JPA EntityManagerFactory for persistence unit 'default'
2025-10-29 13:19:14 - spring.jpa.open-in-view is enabled by default. Therefore, database queries may be performed during view rendering. Explicitly configure spring.jpa.open-in-view to disable this warning
2025-10-29 13:19:15 - Exposing 3 endpoints beneath base path '/actuator'
2025-10-29 13:19:15 - Global AuthenticationManager configured with UserDetailsService bean with name userDetailsServiceImpl
2025-10-29 13:19:15 - H2 console available at '/h2-console'. Database available at 'jdbc:h2:C:\Users\obita\IdeaProjects\programming_25-26\CourseProject\CourseProject\testdb\clients'
2025-10-29 13:19:15 - Tomcat started on port 8080 (http) with context path '/'
2025-10-29 13:19:15 - Started CourseProjectApplication in 4.239 seconds (process running for 4.518)
2025-10-29 13:19:20 - Initializing Spring DispatcherServlet 'dispatcherServlet'
2025-10-29 13:19:20 - Initializing Servlet 'dispatcherServlet'
2025-10-29 13:19:20 - Completed initialization in 1 ms
2025-10-29 14:00:22 - Commencing graceful shutdown. Waiting for active requests to complete
2025-10-29 14:00:22 - Graceful shutdown complete
2025-10-29 14:00:22 - Closing JPA EntityManagerFactory for persistence unit 'default'
2025-10-29 14:00:22 - HikariPool-1 - Shutdown initiated...
2025-10-29 14:00:22 - HikariPool-1 - Shutdown completed.
2025-10-29 14:00:45 - Starting CourseProjectApplication using Java 23.0.1 with PID 25244 (C:\Users\obita\IdeaProjects\programming_25-26\CourseProject\CourseProject\target\classes started by obita in C:\Users\obita\IdeaProjects\programming_25-26\CourseProject)
2025-10-29 14:00:45 - No active profile set, falling back to 1 default profile: "default"
2025-10-29 14:00:46 - Bootstrapping Spring Data JPA repositories in DEFAULT mode.
2025-10-29 14:00:46 - Finished Spring Data repository scanning in 49 ms. Found 5 JPA repository interfaces.
2025-10-29 14:00:47 - Tomcat initialized with port 8080 (http)
2025-10-29 14:00:47 - Starting service [Tomcat]
2025-10-29 14:00:47 - Starting Servlet engine: [Apache Tomcat/10.1.46]
2025-10-29 14:00:47 - Initializing Spring embedded WebApplicationContext
2025-10-29 14:00:47 - Root WebApplicationContext: initialization completed in 1954 ms
2025-10-29 14:00:47 - HHH000204: Processing PersistenceUnitInfo [name: default]
2025-10-29 14:00:47 - HHH000412: Hibernate ORM core version 6.6.29.Final
2025-10-29 14:00:47 - HHH000026: Second-level cache disabled
2025-10-29 14:00:47 - No LoadTimeWeaver setup: ignoring JPA class transformer
2025-10-29 14:00:47 - HikariPool-1 - Starting...
2025-10-29 14:00:48 - HikariPool-1 - Added connection conn0: url=jdbc:h2:C:\Users\obita\IdeaProjects\programming_25-26\CourseProject\CourseProject\testdb\clients user=
2025-10-29 14:00:48 - HikariPool-1 - Start completed.
2025-10-29 14:00:48 - HHH90000025: H2Dialect does not need to be specified explicitly using 'hibernate.dialect' (remove the property setting and it will be selected by default)
2025-10-29 14:00:48 - HHH10001005: Database info:
	Database JDBC URL [Connecting through datasource 'HikariDataSource (HikariPool-1)']
	Database driver: undefined/unknown
	Database version: 2.3.232
	Autocommit mode: undefined/unknown
	Isolation level: undefined/unknown
	Minimum pool size: undefined/unknown
	Maximum pool size: undefined/unknown
2025-10-29 14:00:48 - HHH000489: No JTA platform available (set 'hibernate.transaction.jta.platform' to enable JTA platform integration)
2025-10-29 14:00:48 - Initialized JPA EntityManagerFactory for persistence unit 'default'
2025-10-29 14:00:49 - spring.jpa.open-in-view is enabled by default. Therefore, database queries may be performed during view rendering. Explicitly configure spring.jpa.open-in-view to disable this warning
2025-10-29 14:00:49 - Exposing 3 endpoints beneath base path '/actuator'
2025-10-29 14:00:49 - Global AuthenticationManager configured with UserDetailsService bean with name userDetailsServiceImpl
2025-10-29 14:00:50 - H2 console available at '/h2-console'. Database available at 'jdbc:h2:C:\Users\obita\IdeaProjects\programming_25-26\CourseProject\CourseProject\testdb\clients'
2025-10-29 14:00:50 - Tomcat started on port 8080 (http) with context path '/'
2025-10-29 14:00:50 - Started CourseProjectApplication in 5.416 seconds (process running for 6.38)
2025-10-29 14:00:53 - Initializing Spring DispatcherServlet 'dispatcherServlet'
2025-10-29 14:00:53 - Initializing Servlet 'dispatcherServlet'
2025-10-29 14:00:53 - Completed initialization in 0 ms
2025-10-29 14:58:38 - Commencing graceful shutdown. Waiting for active requests to complete
2025-10-29 14:58:38 - Graceful shutdown complete
2025-10-29 14:58:38 - Closing JPA EntityManagerFactory for persistence unit 'default'
2025-10-29 14:58:38 - HikariPool-1 - Shutdown initiated...
2025-10-29 14:58:38 - HikariPool-1 - Shutdown completed.
2025-10-29 14:58:46 - Starting CourseProjectApplication using Java 23.0.1 with PID 5180 (C:\Users\obita\IdeaProjects\programming_25-26\CourseProject\CourseProject\target\classes started by obita in C:\Users\obita\IdeaProjects\programming_25-26\CourseProject)
2025-10-29 14:58:46 - No active profile set, falling back to 1 default profile: "default"
2025-10-29 14:58:47 - Bootstrapping Spring Data JPA repositories in DEFAULT mode.
2025-10-29 14:58:47 - Finished Spring Data repository scanning in 59 ms. Found 5 JPA repository interfaces.
2025-10-29 14:58:50 - Tomcat initialized with port 8080 (http)
2025-10-29 14:58:50 - Starting service [Tomcat]
2025-10-29 14:58:50 - Starting Servlet engine: [Apache Tomcat/10.1.46]
2025-10-29 14:58:50 - Initializing Spring embedded WebApplicationContext
2025-10-29 14:58:50 - Root WebApplicationContext: initialization completed in 3801 ms
2025-10-29 14:58:50 - HHH000204: Processing PersistenceUnitInfo [name: default]
2025-10-29 14:58:51 - HHH000412: Hibernate ORM core version 6.6.29.Final
2025-10-29 14:58:51 - HHH000026: Second-level cache disabled
2025-10-29 14:58:51 - No LoadTimeWeaver setup: ignoring JPA class transformer
2025-10-29 14:58:51 - HikariPool-1 - Starting...
2025-10-29 14:58:52 - HikariPool-1 - Added connection conn0: url=jdbc:h2:C:\Users\obita\IdeaProjects\programming_25-26\CourseProject\CourseProject\testdb\clients user=
2025-10-29 14:58:52 - HikariPool-1 - Start completed.
2025-10-29 14:58:52 - HHH90000025: H2Dialect does not need to be specified explicitly using 'hibernate.dialect' (remove the property setting and it will be selected by default)
2025-10-29 14:58:52 - HHH10001005: Database info:
	Database JDBC URL [Connecting through datasource 'HikariDataSource (HikariPool-1)']
	Database driver: undefined/unknown
	Database version: 2.3.232
	Autocommit mode: undefined/unknown
	Isolation level: undefined/unknown
	Minimum pool size: undefined/unknown
	Maximum pool size: undefined/unknown
2025-10-29 14:58:53 - HHH000489: No JTA platform available (set 'hibernate.transaction.jta.platform' to enable JTA platform integration)
2025-10-29 14:58:53 - Initialized JPA EntityManagerFactory for persistence unit 'default'
2025-10-29 14:58:53 - spring.jpa.open-in-view is enabled by default. Therefore, database queries may be performed during view rendering. Explicitly configure spring.jpa.open-in-view to disable this warning
2025-10-29 14:58:54 - Exposing 3 endpoints beneath base path '/actuator'
2025-10-29 14:58:54 - Global AuthenticationManager configured with UserDetailsService bean with name userDetailsServiceImpl
2025-10-29 14:58:54 - H2 console available at '/h2-console'. Database available at 'jdbc:h2:C:\Users\obita\IdeaProjects\programming_25-26\CourseProject\CourseProject\testdb\clients'
2025-10-29 14:58:54 - Tomcat started on port 8080 (http) with context path '/'
2025-10-29 14:58:54 - Started CourseProjectApplication in 8.655 seconds (process running for 9.292)
2025-10-29 14:58:59 - Initializing Spring DispatcherServlet 'dispatcherServlet'
2025-10-29 14:58:59 - Initializing Servlet 'dispatcherServlet'
2025-10-29 14:58:59 - Completed initialization in 1 ms
2025-10-29 15:01:32 - Commencing graceful shutdown. Waiting for active requests to complete
2025-10-29 15:01:32 - Graceful shutdown complete
2025-10-29 15:01:32 - Closing JPA EntityManagerFactory for persistence unit 'default'
2025-10-29 15:01:32 - HikariPool-1 - Shutdown initiated...
2025-10-29 15:01:32 - HikariPool-1 - Shutdown completed.
2025-10-29 15:01:35 - Starting CourseProjectApplication using Java 23.0.1 with PID 29076 (C:\Users\obita\IdeaProjects\programming_25-26\CourseProject\CourseProject\target\classes started by obita in C:\Users\obita\IdeaProjects\programming_25-26\CourseProject)
2025-10-29 15:01:35 - No active profile set, falling back to 1 default profile: "default"
2025-10-29 15:01:36 - Bootstrapping Spring Data JPA repositories in DEFAULT mode.
2025-10-29 15:01:36 - Finished Spring Data repository scanning in 49 ms. Found 5 JPA repository interfaces.
2025-10-29 15:01:36 - Tomcat initialized with port 8080 (http)
2025-10-29 15:01:36 - Starting service [Tomcat]
2025-10-29 15:01:36 - Starting Servlet engine: [Apache Tomcat/10.1.46]
2025-10-29 15:01:36 - Initializing Spring embedded WebApplicationContext
2025-10-29 15:01:36 - Root WebApplicationContext: initialization completed in 1257 ms
2025-10-29 15:01:37 - HHH000204: Processing PersistenceUnitInfo [name: default]
2025-10-29 15:01:37 - HHH000412: Hibernate ORM core version 6.6.29.Final
2025-10-29 15:01:37 - HHH000026: Second-level cache disabled
2025-10-29 15:01:37 - No LoadTimeWeaver setup: ignoring JPA class transformer
2025-10-29 15:01:37 - HikariPool-1 - Starting...
2025-10-29 15:01:37 - HikariPool-1 - Added connection conn0: url=jdbc:h2:C:\Users\obita\IdeaProjects\programming_25-26\CourseProject\CourseProject\testdb\clients user=
2025-10-29 15:01:37 - HikariPool-1 - Start completed.
2025-10-29 15:01:37 - HHH90000025: H2Dialect does not need to be specified explicitly using 'hibernate.dialect' (remove the property setting and it will be selected by default)
2025-10-29 15:01:37 - HHH10001005: Database info:
	Database JDBC URL [Connecting through datasource 'HikariDataSource (HikariPool-1)']
	Database driver: undefined/unknown
	Database version: 2.3.232
	Autocommit mode: undefined/unknown
	Isolation level: undefined/unknown
	Minimum pool size: undefined/unknown
	Maximum pool size: undefined/unknown
2025-10-29 15:01:38 - HHH000489: No JTA platform available (set 'hibernate.transaction.jta.platform' to enable JTA platform integration)
2025-10-29 15:01:38 - Initialized JPA EntityManagerFactory for persistence unit 'default'
2025-10-29 15:01:38 - spring.jpa.open-in-view is enabled by default. Therefore, database queries may be performed during view rendering. Explicitly configure spring.jpa.open-in-view to disable this warning
2025-10-29 15:01:39 - Exposing 3 endpoints beneath base path '/actuator'
2025-10-29 15:01:39 - Global AuthenticationManager configured with UserDetailsService bean with name userDetailsServiceImpl
2025-10-29 15:01:39 - H2 console available at '/h2-console'. Database available at 'jdbc:h2:C:\Users\obita\IdeaProjects\programming_25-26\CourseProject\CourseProject\testdb\clients'
2025-10-29 15:01:39 - Tomcat started on port 8080 (http) with context path '/'
2025-10-29 15:01:39 - Started CourseProjectApplication in 4.305 seconds (process running for 4.614)
2025-10-29 15:01:44 - Initializing Spring DispatcherServlet 'dispatcherServlet'
2025-10-29 15:01:44 - Initializing Servlet 'dispatcherServlet'
2025-10-29 15:01:44 - Completed initialization in 1 ms
2025-10-29 15:05:40 - Commencing graceful shutdown. Waiting for active requests to complete
2025-10-29 15:05:40 - Graceful shutdown complete
2025-10-29 15:05:40 - Closing JPA EntityManagerFactory for persistence unit 'default'
2025-10-29 15:05:40 - HikariPool-1 - Shutdown initiated...
2025-10-29 15:05:40 - HikariPool-1 - Shutdown completed.
2025-10-29 15:05:45 - Starting CourseProjectApplication using Java 23.0.1 with PID 26452 (C:\Users\obita\IdeaProjects\programming_25-26\CourseProject\CourseProject\target\classes started by obita in C:\Users\obita\IdeaProjects\programming_25-26\CourseProject)
2025-10-29 15:05:45 - No active profile set, falling back to 1 default profile: "default"
2025-10-29 15:05:45 - Bootstrapping Spring Data JPA repositories in DEFAULT mode.
2025-10-29 15:05:45 - Finished Spring Data repository scanning in 43 ms. Found 5 JPA repository interfaces.
2025-10-29 15:05:46 - Tomcat initialized with port 8080 (http)
2025-10-29 15:05:46 - Starting service [Tomcat]
2025-10-29 15:05:46 - Starting Servlet engine: [Apache Tomcat/10.1.46]
2025-10-29 15:05:46 - Initializing Spring embedded WebApplicationContext
2025-10-29 15:05:46 - Root WebApplicationContext: initialization completed in 1340 ms
2025-10-29 15:05:46 - HHH000204: Processing PersistenceUnitInfo [name: default]
2025-10-29 15:05:46 - HHH000412: Hibernate ORM core version 6.6.29.Final
2025-10-29 15:05:46 - HHH000026: Second-level cache disabled
2025-10-29 15:05:47 - No LoadTimeWeaver setup: ignoring JPA class transformer
2025-10-29 15:05:47 - HikariPool-1 - Starting...
2025-10-29 15:05:47 - HikariPool-1 - Added connection conn0: url=jdbc:h2:C:\Users\obita\IdeaProjects\programming_25-26\CourseProject\CourseProject\testdb\clients user=
2025-10-29 15:05:47 - HikariPool-1 - Start completed.
2025-10-29 15:05:47 - HHH90000025: H2Dialect does not need to be specified explicitly using 'hibernate.dialect' (remove the property setting and it will be selected by default)
2025-10-29 15:05:47 - HHH10001005: Database info:
	Database JDBC URL [Connecting through datasource 'HikariDataSource (HikariPool-1)']
	Database driver: undefined/unknown
	Database version: 2.3.232
	Autocommit mode: undefined/unknown
	Isolation level: undefined/unknown
	Minimum pool size: undefined/unknown
	Maximum pool size: undefined/unknown
2025-10-29 15:05:47 - HHH000489: No JTA platform available (set 'hibernate.transaction.jta.platform' to enable JTA platform integration)
2025-10-29 15:05:47 - Initialized JPA EntityManagerFactory for persistence unit 'default'
2025-10-29 15:05:48 - spring.jpa.open-in-view is enabled by default. Therefore, database queries may be performed during view rendering. Explicitly configure spring.jpa.open-in-view to disable this warning
2025-10-29 15:05:48 - Exposing 3 endpoints beneath base path '/actuator'
2025-10-29 15:05:48 - Global AuthenticationManager configured with UserDetailsService bean with name userDetailsServiceImpl
2025-10-29 15:05:48 - H2 console available at '/h2-console'. Database available at 'jdbc:h2:C:\Users\obita\IdeaProjects\programming_25-26\CourseProject\CourseProject\testdb\clients'
2025-10-29 15:05:49 - Tomcat started on port 8080 (http) with context path '/'
2025-10-29 15:05:49 - Started CourseProjectApplication in 4.364 seconds (process running for 4.673)
2025-10-29 15:05:53 - Initializing Spring DispatcherServlet 'dispatcherServlet'
2025-10-29 15:05:53 - Initializing Servlet 'dispatcherServlet'
2025-10-29 15:05:53 - Completed initialization in 1 ms
2025-10-29 15:07:29 - Commencing graceful shutdown. Waiting for active requests to complete
2025-10-29 15:07:29 - Graceful shutdown complete
2025-10-29 15:07:29 - Closing JPA EntityManagerFactory for persistence unit 'default'
2025-10-29 15:07:29 - HikariPool-1 - Shutdown initiated...
2025-10-29 15:07:29 - HikariPool-1 - Shutdown completed.
2025-10-29 15:07:34 - Starting CourseProjectApplication using Java 23.0.1 with PID 24644 (C:\Users\obita\IdeaProjects\programming_25-26\CourseProject\CourseProject\target\classes started by obita in C:\Users\obita\IdeaProjects\programming_25-26\CourseProject)
2025-10-29 15:07:34 - No active profile set, falling back to 1 default profile: "default"
2025-10-29 15:07:35 - Bootstrapping Spring Data JPA repositories in DEFAULT mode.
2025-10-29 15:07:35 - Finished Spring Data repository scanning in 49 ms. Found 5 JPA repository interfaces.
2025-10-29 15:07:36 - Tomcat initialized with port 8080 (http)
2025-10-29 15:07:36 - Starting service [Tomcat]
2025-10-29 15:07:36 - Starting Servlet engine: [Apache Tomcat/10.1.46]
2025-10-29 15:07:36 - Initializing Spring embedded WebApplicationContext
2025-10-29 15:07:36 - Root WebApplicationContext: initialization completed in 1319 ms
2025-10-29 15:07:36 - HHH000204: Processing PersistenceUnitInfo [name: default]
2025-10-29 15:07:36 - HHH000412: Hibernate ORM core version 6.6.29.Final
2025-10-29 15:07:36 - HHH000026: Second-level cache disabled
2025-10-29 15:07:36 - No LoadTimeWeaver setup: ignoring JPA class transformer
2025-10-29 15:07:36 - HikariPool-1 - Starting...
2025-10-29 15:07:36 - HikariPool-1 - Added connection conn0: url=jdbc:h2:C:\Users\obita\IdeaProjects\programming_25-26\CourseProject\CourseProject\testdb\clients user=
2025-10-29 15:07:36 - HikariPool-1 - Start completed.
2025-10-29 15:07:36 - HHH90000025: H2Dialect does not need to be specified explicitly using 'hibernate.dialect' (remove the property setting and it will be selected by default)
2025-10-29 15:07:36 - HHH10001005: Database info:
	Database JDBC URL [Connecting through datasource 'HikariDataSource (HikariPool-1)']
	Database driver: undefined/unknown
	Database version: 2.3.232
	Autocommit mode: undefined/unknown
	Isolation level: undefined/unknown
	Minimum pool size: undefined/unknown
	Maximum pool size: undefined/unknown
2025-10-29 15:07:37 - HHH000489: No JTA platform available (set 'hibernate.transaction.jta.platform' to enable JTA platform integration)
2025-10-29 15:07:37 - Initialized JPA EntityManagerFactory for persistence unit 'default'
2025-10-29 15:07:37 - spring.jpa.open-in-view is enabled by default. Therefore, database queries may be performed during view rendering. Explicitly configure spring.jpa.open-in-view to disable this warning
2025-10-29 15:07:38 - Exposing 3 endpoints beneath base path '/actuator'
2025-10-29 15:07:38 - Global AuthenticationManager configured with UserDetailsService bean with name userDetailsServiceImpl
2025-10-29 15:07:38 - H2 console available at '/h2-console'. Database available at 'jdbc:h2:C:\Users\obita\IdeaProjects\programming_25-26\CourseProject\CourseProject\testdb\clients'
2025-10-29 15:07:38 - Tomcat started on port 8080 (http) with context path '/'
2025-10-29 15:07:38 - Started CourseProjectApplication in 4.24 seconds (process running for 4.534)
2025-10-29 15:07:42 - Initializing Spring DispatcherServlet 'dispatcherServlet'
2025-10-29 15:07:42 - Initializing Servlet 'dispatcherServlet'
2025-10-29 15:07:42 - Completed initialization in 1 ms
2025-10-29 15:08:24 - Commencing graceful shutdown. Waiting for active requests to complete
2025-10-29 15:08:24 - Graceful shutdown complete
2025-10-29 15:08:24 - Closing JPA EntityManagerFactory for persistence unit 'default'
2025-10-29 15:08:24 - HikariPool-1 - Shutdown initiated...
2025-10-29 15:08:24 - HikariPool-1 - Shutdown completed.
2025-10-29 16:41:30 - Starting CourseProjectApplication using Java 23.0.1 with PID 21008 (C:\Users\obita\IdeaProjects\programming_25-26\CourseProject\CourseProject\target\classes started by obita in C:\Users\obita\IdeaProjects\programming_25-26\CourseProject)
2025-10-29 16:41:30 - No active profile set, falling back to 1 default profile: "default"
2025-10-29 16:41:31 - Bootstrapping Spring Data JPA repositories in DEFAULT mode.
2025-10-29 16:41:31 - Finished Spring Data repository scanning in 50 ms. Found 5 JPA repository interfaces.
2025-10-29 16:41:33 - Tomcat initialized with port 8080 (http)
2025-10-29 16:41:33 - Starting service [Tomcat]
2025-10-29 16:41:33 - Starting Servlet engine: [Apache Tomcat/10.1.46]
2025-10-29 16:41:33 - Initializing Spring embedded WebApplicationContext
2025-10-29 16:41:33 - Root WebApplicationContext: initialization completed in 3148 ms
2025-10-29 16:41:33 - HHH000204: Processing PersistenceUnitInfo [name: default]
2025-10-29 16:41:33 - HHH000412: Hibernate ORM core version 6.6.29.Final
2025-10-29 16:41:33 - HHH000026: Second-level cache disabled
2025-10-29 16:41:34 - No LoadTimeWeaver setup: ignoring JPA class transformer
2025-10-29 16:41:34 - HikariPool-1 - Starting...
2025-10-29 16:41:34 - HikariPool-1 - Added connection conn0: url=jdbc:h2:C:\Users\obita\IdeaProjects\programming_25-26\CourseProject\CourseProject\testdb\clients user=
2025-10-29 16:41:34 - HikariPool-1 - Start completed.
2025-10-29 16:41:34 - HHH90000025: H2Dialect does not need to be specified explicitly using 'hibernate.dialect' (remove the property setting and it will be selected by default)
2025-10-29 16:41:34 - HHH10001005: Database info:
	Database JDBC URL [Connecting through datasource 'HikariDataSource (HikariPool-1)']
	Database driver: undefined/unknown
	Database version: 2.3.232
	Autocommit mode: undefined/unknown
	Isolation level: undefined/unknown
	Minimum pool size: undefined/unknown
	Maximum pool size: undefined/unknown
2025-10-29 16:41:35 - HHH000489: No JTA platform available (set 'hibernate.transaction.jta.platform' to enable JTA platform integration)
2025-10-29 16:41:35 - Initialized JPA EntityManagerFactory for persistence unit 'default'
2025-10-29 16:41:35 - spring.jpa.open-in-view is enabled by default. Therefore, database queries may be performed during view rendering. Explicitly configure spring.jpa.open-in-view to disable this warning
2025-10-29 16:41:36 - Exposing 3 endpoints beneath base path '/actuator'
2025-10-29 16:41:36 - Global AuthenticationManager configured with UserDetailsService bean with name userDetailsServiceImpl
2025-10-29 16:41:36 - H2 console available at '/h2-console'. Database available at 'jdbc:h2:C:\Users\obita\IdeaProjects\programming_25-26\CourseProject\CourseProject\testdb\clients'
2025-10-29 16:41:36 - Tomcat started on port 8080 (http) with context path '/'
2025-10-29 16:41:36 - Started CourseProjectApplication in 7.283 seconds (process running for 12.902)
2025-10-29 16:42:54 - Initializing Spring DispatcherServlet 'dispatcherServlet'
2025-10-29 16:42:54 - Initializing Servlet 'dispatcherServlet'
2025-10-29 16:42:54 - Completed initialization in 0 ms
2025-10-29 16:52:30 - Client Dmitriy Petrov was created by user1@sbproject.ru at 2025-10-29T16:52:30.733035
2025-10-29 16:53:02 - Client Bogdan Bogdanov was updated by supervisor@sbproject.ru at 2025-10-29T16:53:02.211626300
2025-10-29 17:06:01 - Commencing graceful shutdown. Waiting for active requests to complete
2025-10-29 17:06:01 - Graceful shutdown complete
2025-10-29 17:06:01 - Closing JPA EntityManagerFactory for persistence unit 'default'
2025-10-29 17:06:01 - HikariPool-1 - Shutdown initiated...
2025-10-29 17:06:01 - HikariPool-1 - Shutdown completed.
2025-10-29 19:01:14 - Starting CourseProjectApplication using Java 23.0.1 with PID 23800 (C:\Users\obita\IdeaProjects\programming_25-26\CourseProject\CourseProject\target\classes started by obita in C:\Users\obita\IdeaProjects\programming_25-26\CourseProject)
2025-10-29 19:01:14 - No active profile set, falling back to 1 default profile: "default"
2025-10-29 19:01:16 - Bootstrapping Spring Data JPA repositories in DEFAULT mode.
2025-10-29 19:01:16 - Finished Spring Data repository scanning in 60 ms. Found 5 JPA repository interfaces.
2025-10-29 19:01:17 - Tomcat initialized with port 8080 (http)
2025-10-29 19:01:17 - Starting service [Tomcat]
2025-10-29 19:01:17 - Starting Servlet engine: [Apache Tomcat/10.1.46]
2025-10-29 19:01:17 - Initializing Spring embedded WebApplicationContext
2025-10-29 19:01:17 - Root WebApplicationContext: initialization completed in 2821 ms
2025-10-29 19:01:17 - HHH000204: Processing PersistenceUnitInfo [name: default]
2025-10-29 19:01:18 - HHH000412: Hibernate ORM core version 6.6.29.Final
2025-10-29 19:01:18 - HHH000026: Second-level cache disabled
2025-10-29 19:01:18 - No LoadTimeWeaver setup: ignoring JPA class transformer
2025-10-29 19:01:18 - HikariPool-1 - Starting...
2025-10-29 19:01:18 - HikariPool-1 - Added connection conn0: url=jdbc:h2:C:\Users\obita\IdeaProjects\programming_25-26\CourseProject\CourseProject\testdb\clients user=
2025-10-29 19:01:18 - HikariPool-1 - Start completed.
2025-10-29 19:01:18 - HHH90000025: H2Dialect does not need to be specified explicitly using 'hibernate.dialect' (remove the property setting and it will be selected by default)
2025-10-29 19:01:18 - HHH10001005: Database info:
	Database JDBC URL [Connecting through datasource 'HikariDataSource (HikariPool-1)']
	Database driver: undefined/unknown
	Database version: 2.3.232
	Autocommit mode: undefined/unknown
	Isolation level: undefined/unknown
	Minimum pool size: undefined/unknown
	Maximum pool size: undefined/unknown
2025-10-29 19:01:19 - HHH000489: No JTA platform available (set 'hibernate.transaction.jta.platform' to enable JTA platform integration)
2025-10-29 19:01:19 - Initialized JPA EntityManagerFactory for persistence unit 'default'
2025-10-29 19:01:19 - spring.jpa.open-in-view is enabled by default. Therefore, database queries may be performed during view rendering. Explicitly configure spring.jpa.open-in-view to disable this warning
2025-10-29 19:01:20 - Exposing 3 endpoints beneath base path '/actuator'
2025-10-29 19:01:20 - Global AuthenticationManager configured with UserDetailsService bean with name userDetailsServiceImpl
2025-10-29 19:01:20 - H2 console available at '/h2-console'. Database available at 'jdbc:h2:C:\Users\obita\IdeaProjects\programming_25-26\CourseProject\CourseProject\testdb\clients'
2025-10-29 19:01:20 - Tomcat started on port 8080 (http) with context path '/'
2025-10-29 19:01:20 - Started CourseProjectApplication in 6.903 seconds (process running for 7.636)
2025-10-29 19:01:31 - Initializing Spring DispatcherServlet 'dispatcherServlet'
2025-10-29 19:01:31 - Initializing Servlet 'dispatcherServlet'
2025-10-29 19:01:31 - Completed initialization in 1 ms
2025-10-29 19:02:58 - Commencing graceful shutdown. Waiting for active requests to complete
2025-10-29 19:02:58 - Graceful shutdown complete
2025-10-29 19:02:58 - Closing JPA EntityManagerFactory for persistence unit 'default'
2025-10-29 19:02:58 - HikariPool-1 - Shutdown initiated...
2025-10-29 19:02:58 - HikariPool-1 - Shutdown completed.
